0 info it worked if it ends with ok
1 verbose cli [
1 verbose cli   'C:\\Program Files\\nodejs\\node.exe',
1 verbose cli   'D:\\xampp\\htdocs\\node_modules\\npm\\bin\\npm-cli.js',
1 verbose cli   'run',
1 verbose cli   'development'
1 verbose cli ]
2 info using npm@3.10.10
3 info using node@v14.15.0
4 warn invalid config loglevel="notice"
5 verbose run-script [ 'predevelopment', 'development', 'postdevelopment' ]
6 info lifecycle htdocs@1.0.0~predevelopment: htdocs@1.0.0
7 silly lifecycle htdocs@1.0.0~predevelopment: no script for predevelopment, continuing
8 info lifecycle htdocs@1.0.0~development: htdocs@1.0.0
9 verbose lifecycle htdocs@1.0.0~development: unsafe-perm in lifecycle true
10 verbose lifecycle htdocs@1.0.0~development: PATH: D:\xampp\htdocs\node_modules\npm\bin\node-gyp-bin;D:\xampp\htdocs\node_modules\.bin;C:\Users\iamta\AppData\Roaming\npm\node_modules\npm\node_modules\npm-lifecycle\node-gyp-bin;D:\xampp\htdocs\node_modules\.bin;C:\Windows\system32;C:\Windows;C:\Windows\System32\Wbem;C:\Windows\System32\WindowsPowerShell\v1.0\;C:\Windows\System32\OpenSSH\;C:\Program Files (x86)\NVIDIA Corporation\PhysX\Common;C:\Program Files\NVIDIA Corporation\NVIDIA NvDLISR;D:\xampp\php;C:\ProgramData\ComposerSetup\bin;C:\Program Files\PuTTY\;C:\Users\iamta\AppData\Roaming\nvm;C:\Program Files\nodejs;C:\Program Files\nodejs\;C:\Users\iamta\AppData\Local\Programs\Python\Python39\Scripts\;C:\Users\iamta\AppData\Local\Programs\Python\Python39\;C:\Users\iamta\AppData\Local\Microsoft\WindowsApps;C:\Users\iamta\AppData\Local\GitHubDesktop\bin;C:\Users\iamta\AppData\Roaming\Composer\vendor\bin;C:\Users\iamta\AppData\Roaming\npm;C:\Users\iamta\AppData\Local\Programs\Microsoft VS Code\bin
11 verbose lifecycle htdocs@1.0.0~development: CWD: D:\xampp\htdocs
12 silly lifecycle htdocs@1.0.0~development: Args: [
12 silly lifecycle   '/d /s /c',
12 silly lifecycle   'cross-env NODE_ENV=development node_modules/webpack/bin/webpack.js --progress --config=node_modules/laravel-mix/setup/webpack.config.js'
12 silly lifecycle ]
13 silly lifecycle htdocs@1.0.0~development: Returned: code: 2  signal: null
14 info lifecycle htdocs@1.0.0~development: Failed to exec development script
15 verbose stack Error: htdocs@1.0.0 development: `cross-env NODE_ENV=development node_modules/webpack/bin/webpack.js --progress --config=node_modules/laravel-mix/setup/webpack.config.js`
15 verbose stack Exit status 2
15 verbose stack     at EventEmitter.<anonymous> (D:\xampp\htdocs\node_modules\npm\lib\utils\lifecycle.js:255:16)
15 verbose stack     at EventEmitter.emit (events.js:315:20)
15 verbose stack     at ChildProcess.<anonymous> (D:\xampp\htdocs\node_modules\npm\lib\utils\spawn.js:40:14)
15 verbose stack     at ChildProcess.emit (events.js:315:20)
15 verbose stack     at maybeClose (internal/child_process.js:1048:16)
15 verbose stack     at Process.ChildProcess._handle.onexit (internal/child_process.js:288:5)
16 verbose pkgid htdocs@1.0.0
17 verbose cwd D:\xampp\htdocs
18 error Windows_NT 10.0.18363
19 error argv "C:\\Program Files\\nodejs\\node.exe" "D:\\xampp\\htdocs\\node_modules\\npm\\bin\\npm-cli.js" "run" "development"
20 error node v14.15.0
21 error npm  v3.10.10
22 error code ELIFECYCLE
23 error htdocs@1.0.0 development: `cross-env NODE_ENV=development node_modules/webpack/bin/webpack.js --progress --config=node_modules/laravel-mix/setup/webpack.config.js`
23 error Exit status 2
24 error Failed at the htdocs@1.0.0 development script 'cross-env NODE_ENV=development node_modules/webpack/bin/webpack.js --progress --config=node_modules/laravel-mix/setup/webpack.config.js'.
24 error Make sure you have the latest version of node.js and npm installed.
24 error If you do, this is most likely a problem with the htdocs package,
24 error not with npm itself.
24 error Tell the author that this fails on your system:
24 error     cross-env NODE_ENV=development node_modules/webpack/bin/webpack.js --progress --config=node_modules/laravel-mix/setup/webpack.config.js
24 error You can get information on how to open an issue for this project with:
24 error     npm bugs htdocs
24 error Or if that isn't available, you can get their info via:
24 error     npm owner ls htdocs
24 error There is likely additional logging output above.
25 verbose exit [ 1, true ]
